<?xml version="1.0" encoding="UTF-8"?>
<testsuite xmlns:xsi="http://www.w3.org/2001/XMLSchema-instance" xsi:noNamespaceSchemaLocation="https://maven.apache.org/surefire/maven-surefire-plugin/xsd/surefire-test-report.xsd" name="com.cinema.tickets.api.controller.ExibicaoControllerTest" time="8.024" tests="8" errors="0" skipped="0" failures="0">
  <properties>
[...]
</properties>
  <testcase name="shouldUpdateById" classname="com.cinema.tickets.api.controller.ExibicaoControllerTest" time="0.289"/>
  <testcase name="shouldThrowExceptionWhenDeleteById" classname="com.cinema.tickets.api.controller.ExibicaoControllerTest" time="0.033"/>
  <testcase name="shouldListAll" classname="com.cinema.tickets.api.controller.ExibicaoControllerTest" time="0.412"/>
  <testcase name="shouldListById" classname="com.cinema.tickets.api.controller.ExibicaoControllerTest" time="0.038"/>
  <testcase name="shouldDeleteById" classname="com.cinema.tickets.api.controller.ExibicaoControllerTest" time="0.061"/>
  <testcase name="shouldThrowExceptionWhenUpdateById" classname="com.cinema.tickets.api.controller.ExibicaoControllerTest" time="0.017"/>
  <testcase name="shouldThrowExceptionWhenListById" classname="com.cinema.tickets.api.controller.ExibicaoControllerTest" time="0.085"/>
  <testcase name="shouldCreateExibicao" classname="com.cinema.tickets.api.controller.ExibicaoControllerTest" time="0.145"/>
</testsuite>